<?xml version="1.0" encoding="UTF-8"?>
<!-- Generated by org.testng.reporters.JUnitReportReporter -->
<testsuite skipped="0" hostname="aleksander-ThinkPad-T410" name="MathTests" tests="3" failures="0" timestamp="01 Apr 2019 08:37:34 GMT" time="0.018" errors="0">
  <testcase name="divide_TenDividedByFive_ReturnsTwo" time="0.001" classname="MathTests"/>
  <testcase name="add_TwoPlusTwo_ReturnsFour" time="0.017" classname="MathTests"/>
  <testcase name="divide_TenDividedByZero_ThrowsIllegalArgumentException" time="0.000" classname="MathTests"/>
</testsuite> <!-- MathTests -->
